{"D:\\Pradita\\Semester 4\\3. Rekayasa Perangkat Lunak\\Project\\monitoring-ui\\SMMA\\frontend\\src\\test\\function.js": {"path":"D:\\Pradita\\Semester 4\\3. Rekayasa Perangkat Lunak\\Project\\monitoring-ui\\SMMA\\frontend\\src\\test\\function.js","statementMap":{"0":{"start":{"line":1,"column":14},"end":{"line":1,"column":30}},"1":{"start":{"line":2,"column":12},"end":{"line":2,"column":35}},"2":{"start":{"line":3,"column":17},"end":{"line":3,"column":41}},"3":{"start":{"line":6,"column":18},"end":{"line":66,"column":1}},"4":{"start":{"line":8,"column":8},"end":{"line":16,"column":9}},"5":{"start":{"line":9,"column":22},"end":{"line":9,"column":63}},"6":{"start":{"line":10,"column":12},"end":{"line":10,"column":28}},"7":{"start":{"line":11,"column":12},"end":{"line":11,"column":23}},"8":{"start":{"line":13,"column":12},"end":{"line":15,"column":13}},"9":{"start":{"line":14,"column":16},"end":{"line":14,"column":43}},"10":{"start":{"line":19,"column":31},"end":{"line":27,"column":13}},"11":{"start":{"line":29,"column":8},"end":{"line":38,"column":9}},"12":{"start":{"line":30,"column":22},"end":{"line":30,"column":83}},"13":{"start":{"line":32,"column":12},"end":{"line":32,"column":22}},"14":{"start":{"line":34,"column":12},"end":{"line":37,"column":13}},"15":{"start":{"line":36,"column":16},"end":{"line":36,"column":43}},"16":{"start":{"line":41,"column":8},"end":{"line":49,"column":9}},"17":{"start":{"line":42,"column":22},"end":{"line":42,"column":87}},"18":{"start":{"line":43,"column":12},"end":{"line":43,"column":28}},"19":{"start":{"line":44,"column":12},"end":{"line":44,"column":23}},"20":{"start":{"line":46,"column":12},"end":{"line":48,"column":13}},"21":{"start":{"line":47,"column":16},"end":{"line":47,"column":43}},"22":{"start":{"line":52,"column":19},"end":{"line":55,"column":9}},"23":{"start":{"line":56,"column":8},"end":{"line":64,"column":9}},"24":{"start":{"line":57,"column":22},"end":{"line":57,"column":65}},"25":{"start":{"line":59,"column":12},"end":{"line":59,"column":23}},"26":{"start":{"line":61,"column":12},"end":{"line":63,"column":13}},"27":{"start":{"line":62,"column":16},"end":{"line":62,"column":43}},"28":{"start":{"line":67,"column":0},"end":{"line":67,"column":26}}},"fnMap":{"0":{"name":"(anonymous_0)","decl":{"start":{"line":7,"column":19},"end":{"line":7,"column":20}},"loc":{"start":{"line":7,"column":36},"end":{"line":17,"column":5}},"line":7},"1":{"name":"(anonymous_1)","decl":{"start":{"line":18,"column":19},"end":{"line":18,"column":20}},"loc":{"start":{"line":18,"column":52},"end":{"line":39,"column":5}},"line":18},"2":{"name":"(anonymous_2)","decl":{"start":{"line":40,"column":22},"end":{"line":40,"column":23}},"loc":{"start":{"line":40,"column":53},"end":{"line":50,"column":5}},"line":40},"3":{"name":"(anonymous_3)","decl":{"start":{"line":51,"column":11},"end":{"line":51,"column":12}},"loc":{"start":{"line":51,"column":46},"end":{"line":65,"column":5}},"line":51}},"branchMap":{"0":{"loc":{"start":{"line":13,"column":12},"end":{"line":15,"column":13}},"type":"if","locations":[{"start":{"line":13,"column":12},"end":{"line":15,"column":13}},{"start":{},"end":{}}],"line":13},"1":{"loc":{"start":{"line":34,"column":12},"end":{"line":37,"column":13}},"type":"if","locations":[{"start":{"line":34,"column":12},"end":{"line":37,"column":13}},{"start":{},"end":{}}],"line":34},"2":{"loc":{"start":{"line":46,"column":12},"end":{"line":48,"column":13}},"type":"if","locations":[{"start":{"line":46,"column":12},"end":{"line":48,"column":13}},{"start":{},"end":{}}],"line":46},"3":{"loc":{"start":{"line":61,"column":12},"end":{"line":63,"column":13}},"type":"if","locations":[{"start":{"line":61,"column":12},"end":{"line":63,"column":13}},{"start":{},"end":{}}],"line":61}},"s":{"0":1,"1":1,"2":1,"3":1,"4":1,"5":1,"6":1,"7":1,"8":0,"9":0,"10":3,"11":3,"12":3,"13":3,"14":0,"15":0,"16":1,"17":1,"18":1,"19":1,"20":0,"21":0,"22":0,"23":0,"24":0,"25":0,"26":0,"27":0,"28":1},"f":{"0":1,"1":3,"2":1,"3":0},"b":{"0":[0,0],"1":[0,0],"2":[0,0],"3":[0,0]},"_coverageSchema":"1a1c01bbd47fc00a2c39e90264f33305004495a9","hash":"890962f0d36898f833d6a6e9d2f373e8ce19bcb4"}
}
