{"D:\\Pradita\\Semester 4\\3. Rekayasa Perangkat Lunak\\Project\\monitoring-ui\\SMMA\\frontend\\src\\test\\function.js": {"path":"D:\\Pradita\\Semester 4\\3. Rekayasa Perangkat Lunak\\Project\\monitoring-ui\\SMMA\\frontend\\src\\test\\function.js","statementMap":{"0":{"start":{"line":1,"column":14},"end":{"line":1,"column":30}},"1":{"start":{"line":2,"column":12},"end":{"line":2,"column":35}},"2":{"start":{"line":3,"column":17},"end":{"line":3,"column":41}},"3":{"start":{"line":5,"column":18},"end":{"line":87,"column":1}},"4":{"start":{"line":7,"column":8},"end":{"line":15,"column":9}},"5":{"start":{"line":8,"column":22},"end":{"line":8,"column":63}},"6":{"start":{"line":9,"column":12},"end":{"line":9,"column":28}},"7":{"start":{"line":10,"column":12},"end":{"line":10,"column":23}},"8":{"start":{"line":12,"column":12},"end":{"line":14,"column":13}},"9":{"start":{"line":13,"column":16},"end":{"line":13,"column":43}},"10":{"start":{"line":18,"column":31},"end":{"line":26,"column":13}},"11":{"start":{"line":28,"column":8},"end":{"line":37,"column":9}},"12":{"start":{"line":29,"column":22},"end":{"line":29,"column":83}},"13":{"start":{"line":31,"column":12},"end":{"line":31,"column":22}},"14":{"start":{"line":33,"column":12},"end":{"line":36,"column":13}},"15":{"start":{"line":35,"column":16},"end":{"line":35,"column":43}},"16":{"start":{"line":40,"column":27},"end":{"line":48,"column":13}},"17":{"start":{"line":50,"column":8},"end":{"line":59,"column":9}},"18":{"start":{"line":51,"column":22},"end":{"line":51,"column":98}},"19":{"start":{"line":52,"column":12},"end":{"line":52,"column":28}},"20":{"start":{"line":53,"column":12},"end":{"line":53,"column":22}},"21":{"start":{"line":55,"column":12},"end":{"line":58,"column":13}},"22":{"start":{"line":57,"column":16},"end":{"line":57,"column":43}},"23":{"start":{"line":62,"column":8},"end":{"line":70,"column":9}},"24":{"start":{"line":63,"column":22},"end":{"line":63,"column":87}},"25":{"start":{"line":64,"column":12},"end":{"line":64,"column":28}},"26":{"start":{"line":65,"column":12},"end":{"line":65,"column":23}},"27":{"start":{"line":67,"column":12},"end":{"line":69,"column":13}},"28":{"start":{"line":68,"column":16},"end":{"line":68,"column":43}},"29":{"start":{"line":73,"column":19},"end":{"line":76,"column":9}},"30":{"start":{"line":77,"column":8},"end":{"line":85,"column":9}},"31":{"start":{"line":78,"column":22},"end":{"line":78,"column":65}},"32":{"start":{"line":80,"column":12},"end":{"line":80,"column":23}},"33":{"start":{"line":82,"column":12},"end":{"line":84,"column":13}},"34":{"start":{"line":83,"column":16},"end":{"line":83,"column":43}},"35":{"start":{"line":88,"column":0},"end":{"line":88,"column":26}}},"fnMap":{"0":{"name":"(anonymous_0)","decl":{"start":{"line":6,"column":19},"end":{"line":6,"column":20}},"loc":{"start":{"line":6,"column":36},"end":{"line":16,"column":5}},"line":6},"1":{"name":"(anonymous_1)","decl":{"start":{"line":17,"column":19},"end":{"line":17,"column":20}},"loc":{"start":{"line":17,"column":52},"end":{"line":38,"column":5}},"line":17},"2":{"name":"(anonymous_2)","decl":{"start":{"line":39,"column":20},"end":{"line":39,"column":21}},"loc":{"start":{"line":39,"column":53},"end":{"line":60,"column":5}},"line":39},"3":{"name":"(anonymous_3)","decl":{"start":{"line":61,"column":22},"end":{"line":61,"column":23}},"loc":{"start":{"line":61,"column":53},"end":{"line":71,"column":5}},"line":61},"4":{"name":"(anonymous_4)","decl":{"start":{"line":72,"column":11},"end":{"line":72,"column":12}},"loc":{"start":{"line":72,"column":46},"end":{"line":86,"column":5}},"line":72}},"branchMap":{"0":{"loc":{"start":{"line":12,"column":12},"end":{"line":14,"column":13}},"type":"if","locations":[{"start":{"line":12,"column":12},"end":{"line":14,"column":13}},{"start":{},"end":{}}],"line":12},"1":{"loc":{"start":{"line":33,"column":12},"end":{"line":36,"column":13}},"type":"if","locations":[{"start":{"line":33,"column":12},"end":{"line":36,"column":13}},{"start":{},"end":{}}],"line":33},"2":{"loc":{"start":{"line":55,"column":12},"end":{"line":58,"column":13}},"type":"if","locations":[{"start":{"line":55,"column":12},"end":{"line":58,"column":13}},{"start":{},"end":{}}],"line":55},"3":{"loc":{"start":{"line":67,"column":12},"end":{"line":69,"column":13}},"type":"if","locations":[{"start":{"line":67,"column":12},"end":{"line":69,"column":13}},{"start":{},"end":{}}],"line":67},"4":{"loc":{"start":{"line":82,"column":12},"end":{"line":84,"column":13}},"type":"if","locations":[{"start":{"line":82,"column":12},"end":{"line":84,"column":13}},{"start":{},"end":{}}],"line":82}},"s":{"0":1,"1":1,"2":1,"3":1,"4":1,"5":1,"6":1,"7":1,"8":0,"9":0,"10":3,"11":3,"12":3,"13":3,"14":0,"15":0,"16":1,"17":1,"18":1,"19":1,"20":1,"21":0,"22":0,"23":1,"24":1,"25":1,"26":1,"27":0,"28":0,"29":0,"30":0,"31":0,"32":0,"33":0,"34":0,"35":1},"f":{"0":1,"1":3,"2":1,"3":1,"4":0},"b":{"0":[0,0],"1":[0,0],"2":[0,0],"3":[0,0],"4":[0,0]},"_coverageSchema":"1a1c01bbd47fc00a2c39e90264f33305004495a9","hash":"0c0fb6fa71361661c7bf7b71b5f50dc737f9aaf8"}
}
