TN:
SF:src\test\addjenismesin_test.js
FN:4,TestAddJenisMesin
FN:5,(anonymous_1)
FN:6,(anonymous_2)
FN:16,(anonymous_3)
FN:20,(anonymous_4)
FN:30,(anonymous_5)
FN:34,(anonymous_6)
FN:44,(anonymous_7)
FN:49,(anonymous_8)
FN:59,(anonymous_9)
FN:63,(anonymous_10)
FN:73,(anonymous_11)
FN:77,(anonymous_12)
FN:87,(anonymous_13)
FNF:14
FNH:14
FNDA:1,TestAddJenisMesin
FNDA:1,(anonymous_1)
FNDA:1,(anonymous_2)
FNDA:1,(anonymous_3)
FNDA:1,(anonymous_4)
FNDA:1,(anonymous_5)
FNDA:1,(anonymous_6)
FNDA:1,(anonymous_7)
FNDA:1,(anonymous_8)
FNDA:1,(anonymous_9)
FNDA:1,(anonymous_10)
FNDA:1,(anonymous_11)
FNDA:1,(anonymous_12)
FNDA:1,(anonymous_13)
DA:1,1
DA:2,1
DA:5,1
DA:6,1
DA:7,1
DA:9,1
DA:16,1
DA:17,1
DA:20,1
DA:21,1
DA:23,1
DA:30,1
DA:31,1
DA:34,1
DA:35,1
DA:37,1
DA:44,1
DA:45,1
DA:49,1
DA:50,1
DA:52,1
DA:59,1
DA:60,1
DA:63,1
DA:64,1
DA:66,1
DA:73,1
DA:74,1
DA:77,1
DA:78,1
DA:80,1
DA:87,1
DA:88,1
DA:93,1
LF:34
LH:34
BRF:0
BRH:0
end_of_record
TN:
SF:src\test\dump.js
FN:4,Dump
FN:5,(anonymous_1)
FN:6,(anonymous_2)
FN:21,(anonymous_3)
FN:26,(anonymous_4)
FN:27,(anonymous_5)
FN:30,(anonymous_6)
FN:36,(anonymous_7)
FN:37,(anonymous_8)
FN:47,(anonymous_9)
FN:52,(anonymous_10)
FN:53,(anonymous_11)
FN:54,(anonymous_12)
FN:70,(anonymous_13)
FN:74,(anonymous_14)
FN:90,(anonymous_15)
FN:94,(anonymous_16)
FN:97,(anonymous_17)
FN:101,(anonymous_18)
FN:104,(anonymous_19)
FN:109,(anonymous_20)
FN:110,(anonymous_21)
FN:121,(anonymous_22)
FN:125,(anonymous_23)
FN:136,(anonymous_24)
FN:140,(anonymous_25)
FN:143,(anonymous_26)
FN:147,(anonymous_27)
FN:150,(anonymous_28)
FN:156,(anonymous_29)
FN:157,(anonymous_30)
FN:167,(anonymous_31)
FN:171,(anonymous_32)
FN:181,(anonymous_33)
FN:185,(anonymous_34)
FN:188,(anonymous_35)
FN:192,(anonymous_36)
FN:195,(anonymous_37)
FN:201,(anonymous_38)
FN:202,(anonymous_39)
FN:211,(anonymous_40)
FN:215,(anonymous_41)
FN:218,(anonymous_42)
FNF:43
FNH:0
FNDA:0,Dump
FNDA:0,(anonymous_1)
FNDA:0,(anonymous_2)
FNDA:0,(anonymous_3)
FNDA:0,(anonymous_4)
FNDA:0,(anonymous_5)
FNDA:0,(anonymous_6)
FNDA:0,(anonymous_7)
FNDA:0,(anonymous_8)
FNDA:0,(anonymous_9)
FNDA:0,(anonymous_10)
FNDA:0,(anonymous_11)
FNDA:0,(anonymous_12)
FNDA:0,(anonymous_13)
FNDA:0,(anonymous_14)
FNDA:0,(anonymous_15)
FNDA:0,(anonymous_16)
FNDA:0,(anonymous_17)
FNDA:0,(anonymous_18)
FNDA:0,(anonymous_19)
FNDA:0,(anonymous_20)
FNDA:0,(anonymous_21)
FNDA:0,(anonymous_22)
FNDA:0,(anonymous_23)
FNDA:0,(anonymous_24)
FNDA:0,(anonymous_25)
FNDA:0,(anonymous_26)
FNDA:0,(anonymous_27)
FNDA:0,(anonymous_28)
FNDA:0,(anonymous_29)
FNDA:0,(anonymous_30)
FNDA:0,(anonymous_31)
FNDA:0,(anonymous_32)
FNDA:0,(anonymous_33)
FNDA:0,(anonymous_34)
FNDA:0,(anonymous_35)
FNDA:0,(anonymous_36)
FNDA:0,(anonymous_37)
FNDA:0,(anonymous_38)
FNDA:0,(anonymous_39)
FNDA:0,(anonymous_40)
FNDA:0,(anonymous_41)
FNDA:0,(anonymous_42)
DA:1,1
DA:2,1
DA:5,0
DA:6,0
DA:7,0
DA:21,0
DA:22,0
DA:26,0
DA:27,0
DA:28,0
DA:30,0
DA:31,0
DA:36,0
DA:37,0
DA:38,0
DA:47,0
DA:48,0
DA:52,0
DA:53,0
DA:54,0
DA:55,0
DA:70,0
DA:71,0
DA:74,0
DA:75,0
DA:90,0
DA:91,0
DA:94,0
DA:95,0
DA:97,0
DA:98,0
DA:101,0
DA:102,0
DA:104,0
DA:105,0
DA:109,0
DA:110,0
DA:111,0
DA:121,0
DA:122,0
DA:125,0
DA:126,0
DA:136,0
DA:137,0
DA:140,0
DA:141,0
DA:143,0
DA:144,0
DA:147,0
DA:148,0
DA:150,0
DA:151,0
DA:156,0
DA:157,0
DA:158,0
DA:167,0
DA:168,0
DA:171,0
DA:172,0
DA:181,0
DA:182,0
DA:185,0
DA:186,0
DA:188,0
DA:189,0
DA:192,0
DA:193,0
DA:195,0
DA:196,0
DA:201,0
DA:202,0
DA:203,0
DA:211,0
DA:212,0
DA:215,0
DA:216,0
DA:218,0
DA:219,0
DA:224,1
LF:79
LH:3
BRF:0
BRH:0
end_of_record
TN:
SF:src\test\editdetailmesin_test.js
FN:4,TestEditDetailMesin
FN:5,(anonymous_1)
FN:6,(anonymous_2)
FN:17,(anonymous_3)
FN:21,(anonymous_4)
FN:32,(anonymous_5)
FN:36,(anonymous_6)
FN:47,(anonymous_7)
FN:51,(anonymous_8)
FN:62,(anonymous_9)
FN:66,(anonymous_10)
FN:77,(anonymous_11)
FN:81,(anonymous_12)
FN:92,(anonymous_13)
FN:96,(anonymous_14)
FN:107,(anonymous_15)
FN:111,(anonymous_16)
FN:122,(anonymous_17)
FN:126,(anonymous_18)
FN:137,(anonymous_19)
FN:141,(anonymous_20)
FN:152,(anonymous_21)
FN:156,(anonymous_22)
FN:167,(anonymous_23)
FN:171,(anonymous_24)
FN:182,(anonymous_25)
FN:186,(anonymous_26)
FN:197,(anonymous_27)
FNF:28
FNH:28
FNDA:1,TestEditDetailMesin
FNDA:1,(anonymous_1)
FNDA:1,(anonymous_2)
FNDA:1,(anonymous_3)
FNDA:1,(anonymous_4)
FNDA:1,(anonymous_5)
FNDA:1,(anonymous_6)
FNDA:1,(anonymous_7)
FNDA:1,(anonymous_8)
FNDA:1,(anonymous_9)
FNDA:1,(anonymous_10)
FNDA:1,(anonymous_11)
FNDA:1,(anonymous_12)
FNDA:1,(anonymous_13)
FNDA:1,(anonymous_14)
FNDA:1,(anonymous_15)
FNDA:1,(anonymous_16)
FNDA:1,(anonymous_17)
FNDA:1,(anonymous_18)
FNDA:1,(anonymous_19)
FNDA:1,(anonymous_20)
FNDA:1,(anonymous_21)
FNDA:1,(anonymous_22)
FNDA:1,(anonymous_23)
FNDA:1,(anonymous_24)
FNDA:1,(anonymous_25)
FNDA:1,(anonymous_26)
FNDA:1,(anonymous_27)
DA:1,1
DA:2,1
DA:5,1
DA:6,1
DA:7,1
DA:9,1
DA:17,1
DA:18,1
DA:21,1
DA:22,1
DA:24,1
DA:32,1
DA:33,1
DA:36,1
DA:37,1
DA:39,1
DA:47,1
DA:48,1
DA:51,1
DA:52,1
DA:54,1
DA:62,1
DA:63,1
DA:66,1
DA:67,1
DA:69,1
DA:77,1
DA:78,1
DA:81,1
DA:82,1
DA:84,1
DA:92,1
DA:93,1
DA:96,1
DA:97,1
DA:99,1
DA:107,1
DA:108,1
DA:111,1
DA:112,1
DA:114,1
DA:122,1
DA:123,1
DA:126,1
DA:127,1
DA:129,1
DA:137,1
DA:138,1
DA:141,1
DA:142,1
DA:144,1
DA:152,1
DA:153,1
DA:156,1
DA:157,1
DA:159,1
DA:167,1
DA:168,1
DA:171,1
DA:172,1
DA:174,1
DA:182,1
DA:183,1
DA:186,1
DA:187,1
DA:189,1
DA:197,1
DA:198,1
DA:203,1
LF:69
LH:69
BRF:0
BRH:0
end_of_record
TN:
SF:src\test\editjenismesin_test.js
FN:4,TestEditJenisMesin
FN:5,(anonymous_1)
FN:7,(anonymous_2)
FN:17,(anonymous_3)
FN:21,(anonymous_4)
FN:31,(anonymous_5)
FN:35,(anonymous_6)
FN:45,(anonymous_7)
FN:49,(anonymous_8)
FN:59,(anonymous_9)
FN:63,(anonymous_10)
FN:73,(anonymous_11)
FN:77,(anonymous_12)
FN:87,(anonymous_13)
FN:91,(anonymous_14)
FN:101,(anonymous_15)
FN:105,(anonymous_16)
FN:115,(anonymous_17)
FN:119,(anonymous_18)
FN:129,(anonymous_19)
FNF:20
FNH:20
FNDA:1,TestEditJenisMesin
FNDA:1,(anonymous_1)
FNDA:1,(anonymous_2)
FNDA:1,(anonymous_3)
FNDA:1,(anonymous_4)
FNDA:1,(anonymous_5)
FNDA:1,(anonymous_6)
FNDA:1,(anonymous_7)
FNDA:1,(anonymous_8)
FNDA:1,(anonymous_9)
FNDA:1,(anonymous_10)
FNDA:1,(anonymous_11)
FNDA:1,(anonymous_12)
FNDA:1,(anonymous_13)
FNDA:1,(anonymous_14)
FNDA:1,(anonymous_15)
FNDA:1,(anonymous_16)
FNDA:1,(anonymous_17)
FNDA:1,(anonymous_18)
FNDA:1,(anonymous_19)
DA:1,1
DA:2,1
DA:5,1
DA:7,1
DA:8,1
DA:10,1
DA:17,1
DA:18,1
DA:21,1
DA:22,1
DA:24,1
DA:31,1
DA:32,1
DA:35,1
DA:36,1
DA:38,1
DA:45,1
DA:46,1
DA:49,1
DA:50,1
DA:52,1
DA:59,1
DA:60,1
DA:63,1
DA:64,1
DA:66,1
DA:73,1
DA:74,1
DA:77,1
DA:78,1
DA:80,1
DA:87,1
DA:88,1
DA:91,1
DA:92,1
DA:94,1
DA:101,1
DA:102,1
DA:105,1
DA:106,1
DA:108,1
DA:115,1
DA:116,1
DA:119,1
DA:120,1
DA:122,1
DA:129,1
DA:130,1
DA:136,1
LF:49
LH:49
BRF:0
BRH:0
end_of_record
TN:
SF:src\test\function.js
FN:6,(anonymous_0)
FN:17,(anonymous_1)
FN:36,(anonymous_2)
FN:58,(anonymous_3)
FN:76,(anonymous_4)
FN:87,(anonymous_5)
FN:98,(anonymous_6)
FN:107,(anonymous_7)
FNF:8
FNH:3
FNDA:0,(anonymous_0)
FNDA:6,(anonymous_1)
FNDA:9,(anonymous_2)
FNDA:13,(anonymous_3)
FNDA:0,(anonymous_4)
FNDA:0,(anonymous_5)
FNDA:0,(anonymous_6)
FNDA:0,(anonymous_7)
DA:1,1
DA:2,1
DA:3,1
DA:5,1
DA:7,0
DA:8,0
DA:9,0
DA:10,0
DA:12,0
DA:13,0
DA:18,6
DA:25,6
DA:26,6
DA:27,6
DA:28,6
DA:30,0
DA:32,0
DA:37,9
DA:47,9
DA:48,9
DA:49,9
DA:50,9
DA:52,0
DA:54,0
DA:59,13
DA:65,13
DA:66,13
DA:67,13
DA:68,13
DA:70,0
DA:72,0
DA:77,0
DA:78,0
DA:79,0
DA:80,0
DA:82,0
DA:83,0
DA:88,0
DA:89,0
DA:90,0
DA:91,0
DA:93,0
DA:94,0
DA:99,0
DA:100,0
DA:101,0
DA:102,0
DA:104,0
DA:108,0
DA:112,0
DA:113,0
DA:115,0
DA:117,0
DA:118,0
DA:123,1
LF:55
LH:20
BRDA:12,0,0,0
BRDA:12,0,1,0
BRDA:30,1,0,0
BRDA:30,1,1,0
BRDA:52,2,0,0
BRDA:52,2,1,0
BRDA:70,3,0,0
BRDA:70,3,1,0
BRDA:82,4,0,0
BRDA:82,4,1,0
BRDA:93,5,0,0
BRDA:93,5,1,0
BRDA:117,6,0,0
BRDA:117,6,1,0
BRF:14
BRH:0
end_of_record
