TN:
SF:src\test\function.js
FN:6,(anonymous_0)
FN:17,(anonymous_1)
FN:36,(anonymous_2)
FN:58,(anonymous_3)
FN:69,(anonymous_4)
FN:80,(anonymous_5)
FNF:6
FNH:6
FNDA:1,(anonymous_0)
FNDA:6,(anonymous_1)
FNDA:5,(anonymous_2)
FNDA:1,(anonymous_3)
FNDA:1,(anonymous_4)
FNDA:12,(anonymous_5)
DA:1,1
DA:2,1
DA:3,1
DA:5,1
DA:7,1
DA:8,1
DA:9,1
DA:10,1
DA:12,0
DA:13,0
DA:18,6
DA:25,6
DA:26,6
DA:27,6
DA:28,6
DA:30,0
DA:32,0
DA:37,5
DA:47,5
DA:48,5
DA:49,5
DA:50,5
DA:52,0
DA:54,0
DA:59,1
DA:60,1
DA:61,1
DA:62,1
DA:64,0
DA:65,0
DA:70,1
DA:71,1
DA:72,1
DA:73,1
DA:75,0
DA:76,0
DA:81,12
DA:82,12
DA:83,12
DA:84,12
DA:86,0
DA:105,1
LF:42
LH:31
BRDA:12,0,0,0
BRDA:12,0,1,0
BRDA:30,1,0,0
BRDA:30,1,1,0
BRDA:52,2,0,0
BRDA:52,2,1,0
BRDA:64,3,0,0
BRDA:64,3,1,0
BRDA:75,4,0,0
BRDA:75,4,1,0
BRF:10
BRH:0
end_of_record
